[debug] [2020-05-25T16:12:19.561Z] ----------------------------------------------------------------------
[debug] [2020-05-25T16:12:19.563Z] Command:       /usr/local/bin/node /usr/local/bin/firebase deploy
[debug] [2020-05-25T16:12:19.563Z] CLI Version:   8.4.0
[debug] [2020-05-25T16:12:19.563Z] Platform:      darwin
[debug] [2020-05-25T16:12:19.563Z] Node Version:  v12.16.3
[debug] [2020-05-25T16:12:19.568Z] Time:          Mon May 25 2020 18:12:19 GMT+0200 (Central European Summer Time)
[debug] [2020-05-25T16:12:19.568Z] ----------------------------------------------------------------------
[debug] [2020-05-25T16:12:19.568Z] 
[debug] [2020-05-25T16:12:19.584Z] > command requires scopes: ["email","openid","https://www.googleapis.com/auth/cloudplatformprojects.readonly","https://www.googleapis.com/auth/firebase","https://www.googleapis.com/auth/cloud-platform"]
[debug] [2020-05-25T16:12:19.584Z] > authorizing via signed-in user
[debug] [2020-05-25T16:12:19.584Z] [iam] checking project belenewman-9704b for permissions ["firebase.projects.get","firebasehosting.sites.update"]
[debug] [2020-05-25T16:12:19.586Z] > refreshing access token with scopes: ["email","https://www.googleapis.com/auth/cloud-platform","https://www.googleapis.com/auth/cloudplatformprojects.readonly","https://www.googleapis.com/auth/firebase","openid"]
[debug] [2020-05-25T16:12:19.586Z] >>> HTTP REQUEST POST https://www.googleapis.com/oauth2/v3/token  
 <request body omitted>
[debug] [2020-05-25T16:12:19.736Z] <<< HTTP RESPONSE 200 {"content-type":"application/json; charset=utf-8","vary":"X-Origin, Referer, Origin,Accept-Encoding","date":"Mon, 25 May 2020 16:12:20 GMT","server":"scaffolding on HTTPServer2","cache-control":"private","x-xss-protection":"0","x-frame-options":"SAMEORIGIN","x-content-type-options":"nosniff","alt-svc":"h3-27=\":443\"; ma=2592000,h3-25=\":443\"; ma=2592000,h3-T050=\":443\"; ma=2592000,h3-Q050=\":443\"; ma=2592000,h3-Q049=\":443\"; ma=2592000,h3-Q048=\":443\"; ma=2592000,h3-Q046=\":443\"; ma=2592000,h3-Q043=\":443\"; ma=2592000,quic=\":443\"; ma=2592000; v=\"46,43\"","accept-ranges":"none","transfer-encoding":"chunked"}
[debug] [2020-05-25T16:12:19.749Z] >>> HTTP REQUEST POST https://cloudresourcemanager.googleapis.com/v1/projects/belenewman-9704b:testIamPermissions  
 {"permissions":["firebase.projects.get","firebasehosting.sites.update"]}
[debug] [2020-05-25T16:12:20.526Z] <<< HTTP RESPONSE 200 {"content-type":"application/json; charset=UTF-8","vary":"X-Origin, Referer, Origin,Accept-Encoding","date":"Mon, 25 May 2020 16:12:21 GMT","server":"ESF","cache-control":"private","x-xss-protection":"0","x-frame-options":"SAMEORIGIN","x-content-type-options":"nosniff","server-timing":"gfet4t7; dur=664","alt-svc":"h3-27=\":443\"; ma=2592000,h3-25=\":443\"; ma=2592000,h3-T050=\":443\"; ma=2592000,h3-Q050=\":443\"; ma=2592000,h3-Q049=\":443\"; ma=2592000,h3-Q048=\":443\"; ma=2592000,h3-Q046=\":443\"; ma=2592000,h3-Q043=\":443\"; ma=2592000,quic=\":443\"; ma=2592000; v=\"46,43\"","accept-ranges":"none","transfer-encoding":"chunked"}
[debug] [2020-05-25T16:12:20.527Z] >>> HTTP REQUEST GET https://firebase.googleapis.com/v1beta1/projects/belenewman-9704b  
 
[debug] [2020-05-25T16:12:20.843Z] <<< HTTP RESPONSE 200 {"content-type":"application/json; charset=UTF-8","vary":"X-Origin, Referer, Origin,Accept-Encoding","date":"Mon, 25 May 2020 16:12:21 GMT","server":"ESF","cache-control":"private","x-xss-protection":"0","x-frame-options":"SAMEORIGIN","x-content-type-options":"nosniff","alt-svc":"h3-27=\":443\"; ma=2592000,h3-25=\":443\"; ma=2592000,h3-T050=\":443\"; ma=2592000,h3-Q050=\":443\"; ma=2592000,h3-Q049=\":443\"; ma=2592000,h3-Q048=\":443\"; ma=2592000,h3-Q046=\":443\"; ma=2592000,h3-Q043=\":443\"; ma=2592000,quic=\":443\"; ma=2592000; v=\"46,43\"","accept-ranges":"none","transfer-encoding":"chunked"}
[info] 
[info] === Deploying to 'belenewman-9704b'...
[info] 
[info] i  deploying hosting 
[debug] [2020-05-25T16:12:20.847Z] >>> HTTP REQUEST POST https://firebasehosting.googleapis.com/v1beta1/sites/belenewman-9704b/versions  
 {"config":{"rewrites":[{"glob":"**","path":"/index.html"}]},"labels":{"deployment-tool":"cli-firebase"}}
